Started GET "/" for 127.0.0.1 at 2017-11-29 03:58:15 +0100

ActiveRecord::PendingMigrationError - Migrations are pending. To resolve this issue, run:

        bin/rails db:migrate RAILS_ENV=development

:

Started POST "/__better_errors/5e3f2f465eea86de/variables" for 127.0.0.1 at 2017-11-29 03:58:16 +0100
  [1m[35m (0.1ms)[0m  [1m[34mSELECT sqlite_version(*)[0m
  [1m[35m (6.1ms)[0m  [1m[35mCREATE TABLE "schema_migrations" ("version" varchar NOT NULL PRIMARY KEY)[0m
  [1m[35m (4.8ms)[0m  [1m[35mCREATE TABLE "ar_internal_metadata" ("key" varchar NOT NULL PRIMARY KEY, "value" varchar, "created_at" datetime NOT NULL, "updated_at" datetime NOT NULL)[0m
  [1m[35m (0.4ms)[0m  [1m[34mSELECT "schema_migrations"."version" FROM "schema_migrations" ORDER BY "schema_migrations"."version" ASC[0m
Migrating to CreateUsers (20171129025232)
  [1m[35m (0.1ms)[0m  [1m[36mbegin transaction[0m
  [1m[35m (0.5ms)[0m  [1m[35mCREATE TABLE "users" ("id" INTEGER PRIMARY KEY AUTOINCREMENT NOT NULL, "latitude" float, "longitude" float, "address" varchar, "description" varchar, "title" varchar, "created_at" datetime NOT NULL, "updated_at" datetime NOT NULL)[0m
  [1m[35mSQL (0.2ms)[0m  [1m[32mINSERT INTO "schema_migrations" ("version") VALUES (?)[0m  [["version", "20171129025232"]]
  [1m[35m (4.7ms)[0m  [1m[36mcommit transaction[0m
  [1m[36mActiveRecord::InternalMetadata Load (0.7ms)[0m  [1m[34mSELECT  "ar_internal_metadata".* FROM "ar_internal_metadata" WHERE "ar_internal_metadata"."key" = ? LIMIT ?[0m  [["key", "environment"], ["LIMIT", 1]]
  [1m[35m (0.1ms)[0m  [1m[36mbegin transaction[0m
  [1m[35mSQL (0.2ms)[0m  [1m[32mINSERT INTO "ar_internal_metadata" ("key", "value", "created_at", "updated_at") VALUES (?, ?, ?, ?)[0m  [["key", "environment"], ["value", "development"], ["created_at", "2017-11-29 02:58:28.000654"], ["updated_at", "2017-11-29 02:58:28.000654"]]
  [1m[35m (3.6ms)[0m  [1m[36mcommit transaction[0m
  [1m[35m (0.1ms)[0m  [1m[34mSELECT "schema_migrations"."version" FROM "schema_migrations" ORDER BY "schema_migrations"."version" ASC[0m
Started GET "/" for 127.0.0.1 at 2017-11-29 03:58:35 +0100
  [1m[35m (0.3ms)[0m  [1m[34mSELECT "schema_migrations"."version" FROM "schema_migrations" ORDER BY "schema_migrations"."version" ASC[0m
Processing by UsersController#index as HTML
  [1m[36mUser Load (0.2ms)[0m  [1m[34mSELECT "users".* FROM "users"[0m
  Rendering users/index.html.erb within layouts/application
  Rendered users/index.html.erb within layouts/application (3.7ms)
Completed 500 Internal Server Error in 267ms (ActiveRecord: 0.4ms)



Sprockets::FileNotFound - couldn't find file 'underscore' with type 'application/javascript'
Checked in these paths: 
  /home/oday/workspace5/mappa/app/assets/config
  /home/oday/workspace5/mappa/app/assets/images
  /home/oday/workspace5/mappa/app/assets/javascripts
  /home/oday/workspace5/mappa/app/assets/stylesheets
  /home/oday/.rvm/gems/ruby-2.3.4/gems/jquery-rails-4.3.1/vendor/assets/javascripts
  /home/oday/.rvm/gems/ruby-2.3.4/gems/coffee-rails-4.2.2/lib/assets/javascripts
  /home/oday/.rvm/gems/ruby-2.3.4/gems/gmaps4rails-2.1.2/vendor/assets/javascripts
  /home/oday/.rvm/gems/ruby-2.3.4/gems/actioncable-5.1.2/lib/assets/compiled
  /home/oday/.rvm/gems/ruby-2.3.4/gems/actionview-5.1.2/lib/assets/compiled
  /home/oday/.rvm/gems/ruby-2.3.4/gems/turbolinks-source-5.0.3/lib/assets/javascripts
  /home/oday/workspace5/mappa/node_modules:
  app/views/layouts/application.html.erb:7:in `_app_views_layouts_application_html_erb___2067525405553892000_70022501571040'

Started POST "/__better_errors/84e44005f97f7f5f/variables" for 127.0.0.1 at 2017-11-29 03:58:36 +0100
Started GET "/" for 127.0.0.1 at 2017-11-29 03:58:58 +0100
Processing by UsersController#index as HTML
  [1m[36mUser Load (0.3ms)[0m  [1m[34mSELECT "users".* FROM "users"[0m
  Rendering users/index.html.erb within layouts/application
  Rendered users/index.html.erb within layouts/application (1.4ms)
Completed 500 Internal Server Error in 26ms (ActiveRecord: 0.3ms)



Sprockets::FileNotFound - couldn't find file 'underscore' with type 'application/javascript'
Checked in these paths: 
  /home/oday/workspace5/mappa/app/assets/config
  /home/oday/workspace5/mappa/app/assets/images
  /home/oday/workspace5/mappa/app/assets/javascripts
  /home/oday/workspace5/mappa/app/assets/stylesheets
  /home/oday/.rvm/gems/ruby-2.3.4/gems/jquery-rails-4.3.1/vendor/assets/javascripts
  /home/oday/.rvm/gems/ruby-2.3.4/gems/coffee-rails-4.2.2/lib/assets/javascripts
  /home/oday/.rvm/gems/ruby-2.3.4/gems/gmaps4rails-2.1.2/vendor/assets/javascripts
  /home/oday/.rvm/gems/ruby-2.3.4/gems/actioncable-5.1.2/lib/assets/compiled
  /home/oday/.rvm/gems/ruby-2.3.4/gems/actionview-5.1.2/lib/assets/compiled
  /home/oday/.rvm/gems/ruby-2.3.4/gems/turbolinks-source-5.0.3/lib/assets/javascripts
  /home/oday/workspace5/mappa/node_modules:
  app/views/layouts/application.html.erb:7:in `_app_views_layouts_application_html_erb___2067525405553892000_70022502740520'

Started POST "/__better_errors/81f80fd8c5590458/variables" for 127.0.0.1 at 2017-11-29 03:58:58 +0100
Started GET "/" for 127.0.0.1 at 2017-11-29 04:00:01 +0100
  [1m[35m (0.2ms)[0m  [1m[34mSELECT "schema_migrations"."version" FROM "schema_migrations" ORDER BY "schema_migrations"."version" ASC[0m
Processing by UsersController#index as HTML
  [1m[36mUser Load (0.2ms)[0m  [1m[34mSELECT "users".* FROM "users"[0m
  Rendering users/index.html.erb within layouts/application
  Rendered users/index.html.erb within layouts/application (1.3ms)
Completed 200 OK in 4735ms (Views: 4718.5ms | ActiveRecord: 0.5ms)


Started GET "/users/new" for 127.0.0.1 at 2017-11-29 04:00:09 +0100
Processing by UsersController#new as HTML
  Rendering users/new.html.erb within layouts/application
  Rendered users/_form.html.erb (15.4ms)
  Rendered users/new.html.erb within layouts/application (17.9ms)
Completed 200 OK in 88ms (Views: 78.8ms | ActiveRecord: 0.7ms)


Started POST "/users" for 127.0.0.1 at 2017-11-29 04:00:16 +0100
Processing by UsersController#create as HTML
  Parameters: {"utf8"=>"✓", "authenticity_token"=>"VGeUiDvtaax0sR3Id+0mMEUIqlfsoVqkoxqEntU07xJAvwhHIrEcyEs/jCW1n0ESN5hK21ZD6xnxVF2kaJ0/6A==", "user"=>{"latitude"=>"", "longitude"=>"", "address"=>"new york", "description"=>"aaa", "title"=>"aaa"}, "commit"=>"Create User"}
  [1m[35m (0.1ms)[0m  [1m[36mbegin transaction[0m
  [1m[35mSQL (2.5ms)[0m  [1m[32mINSERT INTO "users" ("latitude", "longitude", "address", "description", "title", "created_at", "updated_at") VALUES (?, ?, ?, ?, ?, ?, ?)[0m  [["latitude", 40.7127753], ["longitude", -74.0059728], ["address", "new york"], ["description", "aaa"], ["title", "aaa"], ["created_at", "2017-11-29 03:00:16.442590"], ["updated_at", "2017-11-29 03:00:16.442590"]]
  [1m[35m (5.9ms)[0m  [1m[36mcommit transaction[0m
Redirected to http://localhost:3000/users/1
Completed 302 Found in 147ms (ActiveRecord: 8.5ms)


Started GET "/users/1" for 127.0.0.1 at 2017-11-29 04:00:16 +0100
Processing by UsersController#show as HTML
  Parameters: {"id"=>"1"}
  [1m[36mUser Load (0.4ms)[0m  [1m[34mSELECT  "users".* FROM "users" WHERE "users"."id" = ? LIMIT ?[0m  [["id", 1], ["LIMIT", 1]]
  Rendering users/show.html.erb within layouts/application
  Rendered users/show.html.erb within layouts/application (1.0ms)
Completed 200 OK in 67ms (Views: 58.9ms | ActiveRecord: 0.4ms)


Started GET "/users" for 127.0.0.1 at 2017-11-29 04:00:19 +0100
Processing by UsersController#index as HTML
  [1m[36mUser Load (0.2ms)[0m  [1m[34mSELECT "users".* FROM "users"[0m
  Rendering users/index.html.erb within layouts/application
  Rendered users/index.html.erb within layouts/application (1.5ms)
Completed 200 OK in 61ms (Views: 58.0ms | ActiveRecord: 0.2ms)


Started GET "/users/new" for 127.0.0.1 at 2017-11-29 04:00:20 +0100
Processing by UsersController#new as HTML
  Rendering users/new.html.erb within layouts/application
  Rendered users/_form.html.erb (2.9ms)
  Rendered users/new.html.erb within layouts/application (3.9ms)
Completed 200 OK in 74ms (Views: 72.4ms | ActiveRecord: 0.0ms)


Started POST "/users" for 127.0.0.1 at 2017-11-29 04:00:27 +0100
Processing by UsersController#create as HTML
  Parameters: {"utf8"=>"✓", "authenticity_token"=>"kiLamvLqaV+8BIWjPf0U4ihCfX7fBvtPVLTODyE35EKG+kZV67YcO4OKFE7/j3PAWtKd8mXkSvIG+hc1nJ40uA==", "user"=>{"latitude"=>"", "longitude"=>"", "address"=>"paris", "description"=>"bbbb", "title"=>"bbb"}, "commit"=>"Create User"}
  [1m[35m (0.1ms)[0m  [1m[36mbegin transaction[0m
  [1m[35mSQL (2.3ms)[0m  [1m[32mINSERT INTO "users" ("latitude", "longitude", "address", "description", "title", "created_at", "updated_at") VALUES (?, ?, ?, ?, ?, ?, ?)[0m  [["latitude", 48.856614], ["longitude", 2.3522219], ["address", "paris"], ["description", "bbbb"], ["title", "bbb"], ["created_at", "2017-11-29 03:00:28.029389"], ["updated_at", "2017-11-29 03:00:28.029389"]]
  [1m[35m (5.2ms)[0m  [1m[36mcommit transaction[0m
Redirected to http://localhost:3000/users/2
Completed 302 Found in 466ms (ActiveRecord: 7.6ms)


Started GET "/users/2" for 127.0.0.1 at 2017-11-29 04:00:28 +0100
Processing by UsersController#show as HTML
  Parameters: {"id"=>"2"}
  [1m[36mUser Load (0.1ms)[0m  [1m[34mSELECT  "users".* FROM "users" WHERE "users"."id" = ? LIMIT ?[0m  [["id", 2], ["LIMIT", 1]]
  Rendering users/show.html.erb within layouts/application
  Rendered users/show.html.erb within layouts/application (0.7ms)
Completed 200 OK in 49ms (Views: 47.0ms | ActiveRecord: 0.1ms)


Started GET "/" for 127.0.0.1 at 2017-11-29 04:01:28 +0100
Processing by UsersController#index as HTML
  [1m[36mUser Load (0.2ms)[0m  [1m[34mSELECT "users".* FROM "users"[0m
  Rendering users/index.html.erb within layouts/application
  Rendered users/index.html.erb within layouts/application (2.8ms)
Completed 200 OK in 61ms (Views: 59.5ms | ActiveRecord: 0.2ms)


Started GET "/users/1" for 127.0.0.1 at 2017-11-29 04:01:34 +0100
Processing by UsersController#show as HTML
  Parameters: {"id"=>"1"}
  [1m[36mUser Load (0.1ms)[0m  [1m[34mSELECT  "users".* FROM "users" WHERE "users"."id" = ? LIMIT ?[0m  [["id", 1], ["LIMIT", 1]]
  Rendering users/show.html.erb within layouts/application
  Rendered users/show.html.erb within layouts/application (0.8ms)
Completed 200 OK in 53ms (Views: 51.6ms | ActiveRecord: 0.1ms)


Started GET "/users/1" for 127.0.0.1 at 2017-11-29 04:01:34 +0100
Processing by UsersController#show as HTML
  Parameters: {"id"=>"1"}
  [1m[36mUser Load (0.2ms)[0m  [1m[34mSELECT  "users".* FROM "users" WHERE "users"."id" = ? LIMIT ?[0m  [["id", 1], ["LIMIT", 1]]
  Rendering users/show.html.erb within layouts/application
  Rendered users/show.html.erb within layouts/application (1.3ms)
Completed 200 OK in 56ms (Views: 54.3ms | ActiveRecord: 0.2ms)


Started GET "/users" for 127.0.0.1 at 2017-11-29 04:01:48 +0100
Processing by UsersController#index as HTML
  [1m[36mUser Load (0.3ms)[0m  [1m[34mSELECT "users".* FROM "users"[0m
  Rendering users/index.html.erb within layouts/application
  Rendered users/index.html.erb within layouts/application (1.5ms)
Completed 200 OK in 67ms (Views: 64.5ms | ActiveRecord: 0.3ms)


Started GET "/" for 127.0.0.1 at 2017-11-29 04:04:06 +0100
Processing by UsersController#index as HTML
  [1m[36mUser Load (0.2ms)[0m  [1m[34mSELECT "users".* FROM "users"[0m
  Rendering users/index.html.erb within layouts/application
  Rendered users/index.html.erb within layouts/application (1.4ms)
Completed 200 OK in 71ms (Views: 66.8ms | ActiveRecord: 0.2ms)


Started GET "/users/1" for 127.0.0.1 at 2017-11-29 04:04:11 +0100
Processing by UsersController#show as HTML
  Parameters: {"id"=>"1"}
  [1m[36mUser Load (0.2ms)[0m  [1m[34mSELECT  "users".* FROM "users" WHERE "users"."id" = ? LIMIT ?[0m  [["id", 1], ["LIMIT", 1]]
  Rendering users/show.html.erb within layouts/application
  Rendered users/show.html.erb within layouts/application (1.2ms)
Completed 200 OK in 57ms (Views: 55.0ms | ActiveRecord: 0.2ms)


Started GET "/users" for 127.0.0.1 at 2017-11-29 04:04:26 +0100
Processing by UsersController#index as HTML
  [1m[36mUser Load (0.2ms)[0m  [1m[34mSELECT "users".* FROM "users"[0m
  Rendering users/index.html.erb within layouts/application
  Rendered users/index.html.erb within layouts/application (1.5ms)
Completed 200 OK in 50ms (Views: 48.1ms | ActiveRecord: 0.2ms)


  
ActionController::RoutingError (No route matches [GET] "/assets/underscore-min.map"):
  
actionpack (5.1.2) lib/action_dispatch/middleware/debug_exceptions.rb:63:in `call'
web-console (3.5.1) lib/web_console/middleware.rb:135:in `call_app'
web-console (3.5.1) lib/web_console/middleware.rb:28:in `block in call'
web-console (3.5.1) lib/web_console/middleware.rb:18:in `catch'
web-console (3.5.1) lib/web_console/middleware.rb:18:in `call'
actionpack (5.1.2) lib/action_dispatch/middleware/show_exceptions.rb:31:in `call'
railties (5.1.2) lib/rails/rack/logger.rb:36:in `call_app'
railties (5.1.2) lib/rails/rack/logger.rb:24:in `block in call'
activesupport (5.1.2) lib/active_support/tagged_logging.rb:69:in `block in tagged'
activesupport (5.1.2) lib/active_support/tagged_logging.rb:26:in `tagged'
activesupport (5.1.2) lib/active_support/tagged_logging.rb:69:in `tagged'
railties (5.1.2) lib/rails/rack/logger.rb:24:in `call'
sprockets-rails (3.2.1) lib/sprockets/rails/quiet_assets.rb:11:in `block in call'
activesupport (5.1.2) lib/active_support/logger_silence.rb:20:in `silence'
activesupport (5.1.2) lib/active_support/logger.rb:63:in `block (3 levels) in broadcast'
activesupport (5.1.2) lib/active_support/logger_silence.rb:20:in `silence'
activesupport (5.1.2) lib/active_support/logger.rb:61:in `block (2 levels) in broadcast'
sprockets-rails (3.2.1) lib/sprockets/rails/quiet_assets.rb:11:in `call'
actionpack (5.1.2) lib/action_dispatch/middleware/remote_ip.rb:79:in `call'
actionpack (5.1.2) lib/action_dispatch/middleware/request_id.rb:25:in `call'
rack (2.0.3) lib/rack/method_override.rb:22:in `call'
rack (2.0.3) lib/rack/runtime.rb:22:in `call'
activesupport (5.1.2) lib/active_support/cache/strategy/local_cache_middleware.rb:27:in `call'
actionpack (5.1.2) lib/action_dispatch/middleware/executor.rb:12:in `call'
actionpack (5.1.2) lib/action_dispatch/middleware/static.rb:125:in `call'
rack (2.0.3) lib/rack/sendfile.rb:111:in `call'
railties (5.1.2) lib/rails/engine.rb:522:in `call'
puma (3.9.1) lib/puma/configuration.rb:224:in `call'
puma (3.9.1) lib/puma/server.rb:602:in `handle_request'
puma (3.9.1) lib/puma/server.rb:435:in `process_client'
puma (3.9.1) lib/puma/server.rb:299:in `block in run'
puma (3.9.1) lib/puma/thread_pool.rb:120:in `block in spawn_thread'
Started GET "/" for 127.0.0.1 at 2017-11-29 04:05:05 +0100
Processing by UsersController#index as HTML
  [1m[36mUser Load (0.3ms)[0m  [1m[34mSELECT "users".* FROM "users"[0m
  Rendering users/index.html.erb within layouts/application
  Rendered users/index.html.erb within layouts/application (2.2ms)
Completed 200 OK in 64ms (Views: 61.6ms | ActiveRecord: 0.3ms)


Started GET "/users/2" for 127.0.0.1 at 2017-11-29 04:05:08 +0100
Processing by UsersController#show as HTML
  Parameters: {"id"=>"2"}
  [1m[36mUser Load (0.2ms)[0m  [1m[34mSELECT  "users".* FROM "users" WHERE "users"."id" = ? LIMIT ?[0m  [["id", 2], ["LIMIT", 1]]
  Rendering users/show.html.erb within layouts/application
  Rendered users/show.html.erb within layouts/application (1.4ms)
Completed 200 OK in 70ms (Views: 68.2ms | ActiveRecord: 0.2ms)


Started GET "/users" for 127.0.0.1 at 2017-11-29 04:05:10 +0100
Processing by UsersController#index as HTML
  [1m[36mUser Load (0.4ms)[0m  [1m[34mSELECT "users".* FROM "users"[0m
  Rendering users/index.html.erb within layouts/application
  Rendered users/index.html.erb within layouts/application (2.7ms)
Completed 200 OK in 69ms (Views: 66.8ms | ActiveRecord: 0.4ms)


Started GET "/users/1" for 127.0.0.1 at 2017-11-29 04:05:11 +0100
Processing by UsersController#show as HTML
  Parameters: {"id"=>"1"}
  [1m[36mUser Load (0.2ms)[0m  [1m[34mSELECT  "users".* FROM "users" WHERE "users"."id" = ? LIMIT ?[0m  [["id", 1], ["LIMIT", 1]]
  Rendering users/show.html.erb within layouts/application
  Rendered users/show.html.erb within layouts/application (1.1ms)
Completed 200 OK in 73ms (Views: 62.3ms | ActiveRecord: 0.2ms)


Started GET "/users" for 127.0.0.1 at 2017-11-29 04:05:12 +0100
Processing by UsersController#index as HTML
  [1m[36mUser Load (0.3ms)[0m  [1m[34mSELECT "users".* FROM "users"[0m
  Rendering users/index.html.erb within layouts/application
  Rendered users/index.html.erb within layouts/application (3.0ms)
Completed 200 OK in 125ms (Views: 121.6ms | ActiveRecord: 0.3ms)


Started GET "/users/new" for 127.0.0.1 at 2017-11-29 04:05:15 +0100
Processing by UsersController#new as HTML
  Rendering users/new.html.erb within layouts/application
  Rendered users/_form.html.erb (3.4ms)
  Rendered users/new.html.erb within layouts/application (4.3ms)
Completed 200 OK in 59ms (Views: 58.2ms | ActiveRecord: 0.0ms)


Started POST "/users" for 127.0.0.1 at 2017-11-29 04:05:24 +0100
Processing by UsersController#create as HTML
  Parameters: {"utf8"=>"✓", "authenticity_token"=>"r5GptbHoeRMID88TN1uiQVQscr89spBEJXx2g35bgy67STV6qLQMdzeBXv71KcVjJrySM4dQIfl3Mq+5w/JT1A==", "user"=>{"latitude"=>"", "longitude"=>"", "address"=>"london", "description"=>"xxx", "title"=>"xxx"}, "commit"=>"Create User"}
  [1m[35m (0.1ms)[0m  [1m[36mbegin transaction[0m
  [1m[35mSQL (3.1ms)[0m  [1m[32mINSERT INTO "users" ("latitude", "longitude", "address", "description", "title", "created_at", "updated_at") VALUES (?, ?, ?, ?, ?, ?, ?)[0m  [["latitude", 51.5073509], ["longitude", -0.1277583], ["address", "london"], ["description", "xxx"], ["title", "xxx"], ["created_at", "2017-11-29 03:05:25.075901"], ["updated_at", "2017-11-29 03:05:25.075901"]]
  [1m[35m (3.9ms)[0m  [1m[36mcommit transaction[0m
Redirected to http://localhost:3000/users/3
Completed 302 Found in 637ms (ActiveRecord: 7.1ms)


Started GET "/users/3" for 127.0.0.1 at 2017-11-29 04:05:25 +0100
Processing by UsersController#show as HTML
  Parameters: {"id"=>"3"}
  [1m[36mUser Load (0.2ms)[0m  [1m[34mSELECT  "users".* FROM "users" WHERE "users"."id" = ? LIMIT ?[0m  [["id", 3], ["LIMIT", 1]]
  Rendering users/show.html.erb within layouts/application
  Rendered users/show.html.erb within layouts/application (0.8ms)
Completed 200 OK in 57ms (Views: 55.5ms | ActiveRecord: 0.2ms)


Started GET "/users" for 127.0.0.1 at 2017-11-29 04:05:26 +0100
Processing by UsersController#index as HTML
  [1m[36mUser Load (0.2ms)[0m  [1m[34mSELECT "users".* FROM "users"[0m
  Rendering users/index.html.erb within layouts/application
  Rendered users/index.html.erb within layouts/application (4.3ms)
Completed 200 OK in 74ms (Views: 72.3ms | ActiveRecord: 0.2ms)


Started GET "/" for 127.0.0.1 at 2017-11-29 04:05:56 +0100
Processing by UsersController#index as HTML
  [1m[36mUser Load (0.2ms)[0m  [1m[34mSELECT "users".* FROM "users"[0m
  Rendering users/index.html.erb within layouts/application
  Rendered users/index.html.erb within layouts/application (3.2ms)
Completed 200 OK in 83ms (Views: 80.9ms | ActiveRecord: 0.2ms)


Started GET "/" for 127.0.0.1 at 2017-11-29 04:12:13 +0100
Processing by UsersController#index as HTML
  [1m[36mUser Load (0.4ms)[0m  [1m[34mSELECT "users".* FROM "users"[0m
  Rendering users/index.html.erb within layouts/application
  Rendered users/index.html.erb within layouts/application (2.3ms)
Completed 200 OK in 109ms (Views: 105.3ms | ActiveRecord: 0.4ms)


Started GET "/" for 127.0.0.1 at 2017-11-29 04:12:18 +0100
Processing by UsersController#index as HTML
  [1m[36mUser Load (0.2ms)[0m  [1m[34mSELECT "users".* FROM "users"[0m
  Rendering users/index.html.erb within layouts/application
  Rendered users/index.html.erb within layouts/application (1.9ms)
Completed 200 OK in 58ms (Views: 56.4ms | ActiveRecord: 0.2ms)


Started GET "/users/1" for 127.0.0.1 at 2017-11-29 04:12:19 +0100
Processing by UsersController#show as HTML
  Parameters: {"id"=>"1"}
  [1m[36mUser Load (0.2ms)[0m  [1m[34mSELECT  "users".* FROM "users" WHERE "users"."id" = ? LIMIT ?[0m  [["id", 1], ["LIMIT", 1]]
  Rendering users/show.html.erb within layouts/application
  Rendered users/show.html.erb within layouts/application (1.6ms)
Completed 200 OK in 53ms (Views: 50.2ms | ActiveRecord: 0.2ms)


Started GET "/users" for 127.0.0.1 at 2017-11-29 04:12:21 +0100
Processing by UsersController#index as HTML
  [1m[36mUser Load (0.2ms)[0m  [1m[34mSELECT "users".* FROM "users"[0m
  Rendering users/index.html.erb within layouts/application
  Rendered users/index.html.erb within layouts/application (1.7ms)
Completed 200 OK in 54ms (Views: 51.7ms | ActiveRecord: 0.2ms)


Started GET "/users" for 127.0.0.1 at 2017-11-29 04:12:46 +0100
Processing by UsersController#index as HTML
  [1m[36mUser Load (0.2ms)[0m  [1m[34mSELECT "users".* FROM "users"[0m
  Rendering users/index.html.erb within layouts/application
  Rendered users/index.html.erb within layouts/application (2.7ms)
Completed 200 OK in 63ms (Views: 60.5ms | ActiveRecord: 0.2ms)


Started GET "/users" for 127.0.0.1 at 2017-11-29 04:12:48 +0100
Processing by UsersController#index as HTML
  [1m[36mUser Load (0.2ms)[0m  [1m[34mSELECT "users".* FROM "users"[0m
  Rendering users/index.html.erb within layouts/application
  Rendered users/index.html.erb within layouts/application (2.0ms)
Completed 200 OK in 62ms (Views: 60.1ms | ActiveRecord: 0.2ms)


Started GET "/" for 127.0.0.1 at 2017-11-29 04:14:09 +0100
Processing by UsersController#index as HTML
  [1m[36mUser Load (0.3ms)[0m  [1m[34mSELECT "users".* FROM "users"[0m
  Rendering users/index.html.erb within layouts/application
  Rendered users/index.html.erb within layouts/application (3.0ms)
Completed 200 OK in 58ms (Views: 55.6ms | ActiveRecord: 0.3ms)


Started GET "/" for 127.0.0.1 at 2017-11-29 04:14:11 +0100
Processing by UsersController#index as HTML
  [1m[36mUser Load (0.2ms)[0m  [1m[34mSELECT "users".* FROM "users"[0m
  Rendering users/index.html.erb within layouts/application
  Rendered users/index.html.erb within layouts/application (2.2ms)
Completed 200 OK in 59ms (Views: 57.3ms | ActiveRecord: 0.2ms)


Started GET "/users/1" for 127.0.0.1 at 2017-11-29 04:14:13 +0100
Processing by UsersController#show as HTML
  Parameters: {"id"=>"1"}
  [1m[36mUser Load (0.2ms)[0m  [1m[34mSELECT  "users".* FROM "users" WHERE "users"."id" = ? LIMIT ?[0m  [["id", 1], ["LIMIT", 1]]
  Rendering users/show.html.erb within layouts/application
  Rendered users/show.html.erb within layouts/application (2.5ms)
Completed 200 OK in 58ms (Views: 54.5ms | ActiveRecord: 0.2ms)


Started GET "/users/1" for 127.0.0.1 at 2017-11-29 04:14:28 +0100
Processing by UsersController#show as HTML
  Parameters: {"id"=>"1"}
  [1m[36mUser Load (0.2ms)[0m  [1m[34mSELECT  "users".* FROM "users" WHERE "users"."id" = ? LIMIT ?[0m  [["id", 1], ["LIMIT", 1]]
  Rendering users/show.html.erb within layouts/application
  Rendered users/show.html.erb within layouts/application (1.5ms)
Completed 200 OK in 53ms (Views: 50.9ms | ActiveRecord: 0.2ms)


Started GET "/" for 127.0.0.1 at 2017-11-29 04:14:30 +0100
Processing by UsersController#index as HTML
  [1m[36mUser Load (0.2ms)[0m  [1m[34mSELECT "users".* FROM "users"[0m
  Rendering users/index.html.erb within layouts/application
  Rendered users/index.html.erb within layouts/application (2.3ms)
Completed 200 OK in 66ms (Views: 64.2ms | ActiveRecord: 0.2ms)


Started GET "/users/new" for 127.0.0.1 at 2017-11-29 04:14:43 +0100
Processing by UsersController#new as HTML
  Rendering users/new.html.erb within layouts/application
  Rendered users/_form.html.erb (4.0ms)
  Rendered users/new.html.erb within layouts/application (5.2ms)
Completed 200 OK in 66ms (Views: 64.6ms | ActiveRecord: 0.0ms)


Started GET "/" for 127.0.0.1 at 2017-11-29 04:14:55 +0100
Processing by UsersController#index as HTML
  [1m[36mUser Load (0.3ms)[0m  [1m[34mSELECT "users".* FROM "users"[0m
  Rendering users/index.html.erb within layouts/application
  Rendered users/index.html.erb within layouts/application (2.5ms)
Completed 200 OK in 58ms (Views: 55.7ms | ActiveRecord: 0.3ms)


Started GET "/" for 127.0.0.1 at 2017-11-29 04:19:08 +0100
Processing by UsersController#index as HTML
  [1m[36mUser Load (0.7ms)[0m  [1m[34mSELECT "users".* FROM "users"[0m
  Rendering users/index.html.erb within layouts/application
  Rendered users/index.html.erb within layouts/application (4.5ms)
Completed 200 OK in 76ms (Views: 72.8ms | ActiveRecord: 0.7ms)


Started GET "/" for 127.0.0.1 at 2017-11-29 04:19:13 +0100
Processing by UsersController#index as HTML
  [1m[36mUser Load (0.4ms)[0m  [1m[34mSELECT "users".* FROM "users"[0m
  Rendering users/index.html.erb within layouts/application
  Rendered users/index.html.erb within layouts/application (2.3ms)
Completed 200 OK in 62ms (Views: 59.4ms | ActiveRecord: 0.4ms)


Started GET "/" for 127.0.0.1 at 2017-11-29 04:21:47 +0100
Processing by UsersController#index as HTML
  [1m[36mUser Load (0.3ms)[0m  [1m[34mSELECT "users".* FROM "users"[0m
  Rendering users/index.html.erb within layouts/application
  Rendered users/index.html.erb within layouts/application (4.4ms)
Completed 200 OK in 80ms (Views: 75.0ms | ActiveRecord: 0.3ms)


Started GET "/" for 127.0.0.1 at 2017-11-29 04:23:45 +0100
Processing by UsersController#index as HTML
  [1m[36mUser Load (0.2ms)[0m  [1m[34mSELECT "users".* FROM "users"[0m
  Rendering users/index.html.erb within layouts/application
  Rendered users/index.html.erb within layouts/application (3.3ms)
Completed 200 OK in 63ms (Views: 61.4ms | ActiveRecord: 0.2ms)


Started GET "/" for 127.0.0.1 at 2017-11-29 04:24:15 +0100
Processing by UsersController#index as HTML
  [1m[36mUser Load (0.2ms)[0m  [1m[34mSELECT "users".* FROM "users"[0m
  Rendering users/index.html.erb within layouts/application
  Rendered users/index.html.erb within layouts/application (2.2ms)
Completed 200 OK in 68ms (Views: 65.6ms | ActiveRecord: 0.2ms)


Started GET "/" for 127.0.0.1 at 2017-11-29 04:24:57 +0100
Processing by UsersController#index as HTML
  [1m[36mUser Load (1.2ms)[0m  [1m[34mSELECT "users".* FROM "users"[0m
  Rendering users/index.html.erb within layouts/application
  Rendered users/index.html.erb within layouts/application (4.1ms)
Completed 200 OK in 110ms (Views: 103.5ms | ActiveRecord: 1.2ms)


Started GET "/" for 127.0.0.1 at 2017-11-29 04:26:26 +0100
Processing by UsersController#index as HTML
  [1m[36mUser Load (0.2ms)[0m  [1m[34mSELECT "users".* FROM "users"[0m
  Rendering users/index.html.erb within layouts/application
  Rendered users/index.html.erb within layouts/application (2.7ms)
Completed 200 OK in 69ms (Views: 67.0ms | ActiveRecord: 0.2ms)


Started GET "/" for 127.0.0.1 at 2017-11-29 04:28:17 +0100
Processing by UsersController#index as HTML
  [1m[36mUser Load (0.8ms)[0m  [1m[34mSELECT "users".* FROM "users"[0m
  Rendering users/index.html.erb within layouts/application
  Rendered users/index.html.erb within layouts/application (3.0ms)
Completed 200 OK in 122ms (Views: 117.4ms | ActiveRecord: 0.8ms)


Started GET "/users/3" for 127.0.0.1 at 2017-11-29 04:32:22 +0100
Processing by UsersController#show as HTML
  Parameters: {"id"=>"3"}
  [1m[36mUser Load (0.1ms)[0m  [1m[34mSELECT  "users".* FROM "users" WHERE "users"."id" = ? LIMIT ?[0m  [["id", 3], ["LIMIT", 1]]
  Rendering users/show.html.erb within layouts/application
  Rendered users/show.html.erb within layouts/application (0.9ms)
Completed 200 OK in 81ms (Views: 79.1ms | ActiveRecord: 0.1ms)


Started GET "/users" for 127.0.0.1 at 2017-11-29 04:32:32 +0100
Processing by UsersController#index as HTML
  [1m[36mUser Load (0.2ms)[0m  [1m[34mSELECT "users".* FROM "users"[0m
  Rendering users/index.html.erb within layouts/application
  Rendered users/index.html.erb within layouts/application (2.9ms)
Completed 200 OK in 95ms (Views: 92.9ms | ActiveRecord: 0.2ms)


Started GET "/users/1" for 127.0.0.1 at 2017-11-29 04:32:39 +0100
Processing by UsersController#show as HTML
  Parameters: {"id"=>"1"}
  [1m[36mUser Load (0.2ms)[0m  [1m[34mSELECT  "users".* FROM "users" WHERE "users"."id" = ? LIMIT ?[0m  [["id", 1], ["LIMIT", 1]]
  Rendering users/show.html.erb within layouts/application
  Rendered users/show.html.erb within layouts/application (1.5ms)
Completed 200 OK in 59ms (Views: 56.1ms | ActiveRecord: 0.2ms)


Started GET "/users" for 127.0.0.1 at 2017-11-29 04:32:41 +0100
Processing by UsersController#index as HTML
  [1m[36mUser Load (0.3ms)[0m  [1m[34mSELECT "users".* FROM "users"[0m
  Rendering users/index.html.erb within layouts/application
  Rendered users/index.html.erb within layouts/application (3.9ms)
Completed 200 OK in 105ms (Views: 101.6ms | ActiveRecord: 0.3ms)


Started GET "/users" for 127.0.0.1 at 2017-11-29 04:32:44 +0100
Processing by UsersController#index as HTML
  [1m[36mUser Load (0.2ms)[0m  [1m[34mSELECT "users".* FROM "users"[0m
  Rendering users/index.html.erb within layouts/application
  Rendered users/index.html.erb within layouts/application (5.3ms)
Completed 200 OK in 61ms (Views: 59.0ms | ActiveRecord: 0.2ms)


Started GET "/users/1" for 127.0.0.1 at 2017-11-29 04:32:47 +0100
Processing by UsersController#show as HTML
  Parameters: {"id"=>"1"}
  [1m[36mUser Load (0.1ms)[0m  [1m[34mSELECT  "users".* FROM "users" WHERE "users"."id" = ? LIMIT ?[0m  [["id", 1], ["LIMIT", 1]]
  Rendering users/show.html.erb within layouts/application
  Rendered users/show.html.erb within layouts/application (3.0ms)
Completed 200 OK in 60ms (Views: 58.6ms | ActiveRecord: 0.1ms)


Started GET "/users" for 127.0.0.1 at 2017-11-29 04:34:57 +0100
Processing by UsersController#index as HTML
  [1m[36mUser Load (0.3ms)[0m  [1m[34mSELECT "users".* FROM "users"[0m
  Rendering users/index.html.erb within layouts/application
  Rendered users/index.html.erb within layouts/application (2.8ms)
Completed 200 OK in 91ms (Views: 88.9ms | ActiveRecord: 0.3ms)


Started GET "/users" for 127.0.0.1 at 2017-11-29 04:38:13 +0100
Processing by UsersController#index as HTML
  [1m[36mUser Load (0.2ms)[0m  [1m[34mSELECT "users".* FROM "users"[0m
  Rendering users/index.html.erb within layouts/application
  Rendered users/index.html.erb within layouts/application (9.0ms)
Completed 200 OK in 65ms (Views: 63.5ms | ActiveRecord: 0.2ms)


Started GET "/users" for 127.0.0.1 at 2017-11-29 04:39:04 +0100
Processing by UsersController#index as HTML
  [1m[36mUser Load (0.4ms)[0m  [1m[34mSELECT "users".* FROM "users"[0m
  Rendering users/index.html.erb within layouts/application
  Rendered users/index.html.erb within layouts/application (10.0ms)
Completed 200 OK in 78ms (Views: 74.6ms | ActiveRecord: 0.4ms)


Started GET "/users" for 127.0.0.1 at 2017-11-29 04:40:32 +0100
Processing by UsersController#index as HTML
  [1m[36mUser Load (0.2ms)[0m  [1m[34mSELECT "users".* FROM "users"[0m
  Rendering users/index.html.erb within layouts/application
  Rendered users/index.html.erb within layouts/application (9.2ms)
Completed 200 OK in 68ms (Views: 66.1ms | ActiveRecord: 0.2ms)


Started GET "/users" for 127.0.0.1 at 2017-11-29 04:41:17 +0100
Processing by UsersController#index as HTML
  [1m[36mUser Load (0.2ms)[0m  [1m[34mSELECT "users".* FROM "users"[0m
  Rendering users/index.html.erb within layouts/application
  Rendered users/index.html.erb within layouts/application (5.0ms)
Completed 200 OK in 90ms (Views: 88.1ms | ActiveRecord: 0.2ms)


Started GET "/users/new" for 127.0.0.1 at 2017-11-29 04:41:37 +0100
Processing by UsersController#new as HTML
  Rendering users/new.html.erb within layouts/application
  Rendered users/_form.html.erb (22.8ms)
  Rendered users/new.html.erb within layouts/application (27.3ms)
Completed 200 OK in 91ms (Views: 84.9ms | ActiveRecord: 0.0ms)


Started POST "/users" for 127.0.0.1 at 2017-11-29 04:41:51 +0100
Processing by UsersController#create as HTML
  Parameters: {"utf8"=>"✓", "authenticity_token"=>"hnElTwH4riCeyCp+WEgYY8nAbuBok02s5kzVV8Wqt3eSqbmAGKTbRKFGu5OaOn9Bu1CObNJx/BG0AgxteANnjQ==", "user"=>{"latitude"=>"", "longitude"=>"", "address"=>"mexico", "description"=>"ss", "title"=>"www"}, "commit"=>"Create User"}
  [1m[35m (1.2ms)[0m  [1m[36mbegin transaction[0m
  [1m[35mSQL (2.0ms)[0m  [1m[32mINSERT INTO "users" ("latitude", "longitude", "address", "description", "title", "created_at", "updated_at") VALUES (?, ?, ?, ?, ?, ?, ?)[0m  [["latitude", 23.634501], ["longitude", -102.552784], ["address", "mexico"], ["description", "ss"], ["title", "www"], ["created_at", "2017-11-29 03:41:52.400607"], ["updated_at", "2017-11-29 03:41:52.400607"]]
  [1m[35m (4.5ms)[0m  [1m[36mcommit transaction[0m
Redirected to http://localhost:3000/users/4
Completed 302 Found in 576ms (ActiveRecord: 7.7ms)


Started GET "/users/4" for 127.0.0.1 at 2017-11-29 04:41:52 +0100
Processing by UsersController#show as HTML
  Parameters: {"id"=>"4"}
  [1m[36mUser Load (0.3ms)[0m  [1m[34mSELECT  "users".* FROM "users" WHERE "users"."id" = ? LIMIT ?[0m  [["id", 4], ["LIMIT", 1]]
  Rendering users/show.html.erb within layouts/application
  Rendered users/show.html.erb within layouts/application (2.3ms)
Completed 200 OK in 78ms (Views: 75.1ms | ActiveRecord: 0.3ms)


Started GET "/users" for 127.0.0.1 at 2017-11-29 04:41:55 +0100
Processing by UsersController#index as HTML
  [1m[36mUser Load (3.4ms)[0m  [1m[34mSELECT "users".* FROM "users"[0m
  Rendering users/index.html.erb within layouts/application
  Rendered users/index.html.erb within layouts/application (2.8ms)
Completed 200 OK in 67ms (Views: 57.6ms | ActiveRecord: 3.4ms)


Started GET "/users" for 127.0.0.1 at 2017-11-29 04:43:13 +0100
Processing by UsersController#index as HTML
  [1m[36mUser Load (0.2ms)[0m  [1m[34mSELECT "users".* FROM "users"[0m
  Rendering users/index.html.erb within layouts/application
  Rendered users/index.html.erb within layouts/application (1.7ms)
Completed 200 OK in 71ms (Views: 68.4ms | ActiveRecord: 0.2ms)


Started GET "/users" for 127.0.0.1 at 2017-11-29 04:44:51 +0100
Processing by UsersController#index as HTML
  [1m[36mUser Load (0.2ms)[0m  [1m[34mSELECT "users".* FROM "users"[0m
  Rendering users/index.html.erb within layouts/application
  Rendered users/index.html.erb within layouts/application (7.2ms)
Completed 200 OK in 69ms (Views: 67.5ms | ActiveRecord: 0.2ms)


Started GET "/users" for 127.0.0.1 at 2017-11-29 04:47:46 +0100
Processing by UsersController#index as HTML
  [1m[36mUser Load (0.4ms)[0m  [1m[34mSELECT "users".* FROM "users"[0m
  Rendering users/index.html.erb within layouts/application
  Rendered users/index.html.erb within layouts/application (7.3ms)
Completed 200 OK in 62ms (Views: 58.3ms | ActiveRecord: 0.4ms)


Started GET "/users" for 127.0.0.1 at 2017-11-29 04:48:24 +0100
Processing by UsersController#index as HTML
  [1m[36mUser Load (0.7ms)[0m  [1m[34mSELECT "users".* FROM "users"[0m
  Rendering users/index.html.erb within layouts/application
  Rendered users/index.html.erb within layouts/application (5.7ms)
Completed 200 OK in 74ms (Views: 68.2ms | ActiveRecord: 0.7ms)


Started GET "/" for 127.0.0.1 at 2017-11-29 13:24:48 +0100
Processing by UsersController#index as HTML
  [1m[36mUser Load (0.5ms)[0m  [1m[34mSELECT "users".* FROM "users"[0m
  Rendering users/index.html.erb within layouts/application
  Rendered users/index.html.erb within layouts/application (5.4ms)
Completed 200 OK in 78ms (Views: 74.0ms | ActiveRecord: 0.5ms)


